0 info it worked if it ends with ok
1 verbose cli [ 'C:\\Program Files\\nodejs\\node.exe',
1 verbose cli   'C:\\Program Files\\nodejs\\node_modules\\npm\\bin\\npm-cli.js',
1 verbose cli   'install',
1 verbose cli   'node-dev',
1 verbose cli   '-g' ]
2 info using npm@1.3.5
3 info using node@v0.10.15
4 verbose cache add [ 'node-dev', null ]
5 verbose cache add name=undefined spec="node-dev" args=["node-dev",null]
6 verbose parsed url { protocol: null,
6 verbose parsed url   slashes: null,
6 verbose parsed url   auth: null,
6 verbose parsed url   host: null,
6 verbose parsed url   port: null,
6 verbose parsed url   hostname: null,
6 verbose parsed url   hash: null,
6 verbose parsed url   search: null,
6 verbose parsed url   query: null,
6 verbose parsed url   pathname: 'node-dev',
6 verbose parsed url   path: 'node-dev',
6 verbose parsed url   href: 'node-dev' }
7 silly lockFile c62b500c-node-dev node-dev
8 verbose lock node-dev C:\Users\Kush\AppData\Roaming\npm-cache\c62b500c-node-dev.lock
9 silly lockFile c62b500c-node-dev node-dev
10 silly lockFile c62b500c-node-dev node-dev
11 verbose addNamed [ 'node-dev', '' ]
12 verbose addNamed [ null, '*' ]
13 silly lockFile 2552a2f1-node-dev node-dev@
14 verbose lock node-dev@ C:\Users\Kush\AppData\Roaming\npm-cache\2552a2f1-node-dev.lock
15 silly addNameRange { name: 'node-dev', range: '*', hasData: false }
16 verbose url raw node-dev
17 verbose url resolving [ 'https://registry.npmjs.org/', './node-dev' ]
18 verbose url resolved https://registry.npmjs.org/node-dev
19 info trying registry request attempt 1 at 12:39:33
20 http GET https://registry.npmjs.org/node-dev
21 http 200 https://registry.npmjs.org/node-dev
22 silly registry.get cb [ 200,
22 silly registry.get   { vary: 'Accept',
22 silly registry.get     server: 'CouchDB/1.3.1 (Erlang OTP/R15B03)',
22 silly registry.get     etag: '"8AN3QKYVLWZIXUTPBF22YF6GZ"',
22 silly registry.get     date: 'Tue, 05 Nov 2013 18:38:35 GMT',
22 silly registry.get     'content-type': 'application/json',
22 silly registry.get     'content-length': '53696' } ]
23 silly addNameRange number 2 { name: 'node-dev', range: '*', hasData: true }
24 silly addNameRange versions [ 'node-dev',
24 silly addNameRange   [ '0.1.3',
24 silly addNameRange     '0.1.4',
24 silly addNameRange     '0.1.5',
24 silly addNameRange     '0.1.6',
24 silly addNameRange     '0.1.8',
24 silly addNameRange     '0.1.9',
24 silly addNameRange     '0.2.0',
24 silly addNameRange     '0.2.1',
24 silly addNameRange     '0.2.2',
24 silly addNameRange     '0.2.3',
24 silly addNameRange     '0.2.4',
24 silly addNameRange     '0.2.5',
24 silly addNameRange     '0.2.6',
24 silly addNameRange     '0.2.7',
24 silly addNameRange     '0.2.8',
24 silly addNameRange     '0.2.9',
24 silly addNameRange     '0.2.10',
24 silly addNameRange     '0.3.0',
24 silly addNameRange     '2.0.0',
24 silly addNameRange     '2.0.1',
24 silly addNameRange     '2.0.2' ] ]
25 verbose addNamed [ 'node-dev', '2.0.2' ]
26 verbose addNamed [ '2.0.2', '2.0.2' ]
27 silly lockFile 8ef92b8c-node-dev-2-0-2 node-dev@2.0.2
28 verbose lock node-dev@2.0.2 C:\Users\Kush\AppData\Roaming\npm-cache\8ef92b8c-node-dev-2-0-2.lock
29 silly lockFile 5e4a6893--org-node-dev-node-dev-2-0-2-tgz https://registry.npmjs.org/node-dev/-/node-dev-2.0.2.tgz
30 verbose lock https://registry.npmjs.org/node-dev/-/node-dev-2.0.2.tgz C:\Users\Kush\AppData\Roaming\npm-cache\5e4a6893--org-node-dev-node-dev-2-0-2-tgz.lock
31 verbose addRemoteTarball [ 'https://registry.npmjs.org/node-dev/-/node-dev-2.0.2.tgz',
31 verbose addRemoteTarball   '0b8ee8bdb083e210b4ab2fba6b3c86a493f081e4' ]
32 info retry fetch attempt 1 at 12:39:35
33 verbose fetch to= C:\Users\Kush\AppData\Local\Temp\npm-6520-lxVOomCm\1383676775090-0.2690363898873329\tmp.tgz
34 http GET https://registry.npmjs.org/node-dev/-/node-dev-2.0.2.tgz
35 http 200 https://registry.npmjs.org/node-dev/-/node-dev-2.0.2.tgz
36 verbose tar unpack C:\Users\Kush\AppData\Local\Temp\npm-6520-lxVOomCm\1383676775090-0.2690363898873329\tmp.tgz
37 silly lockFile 6060de87-75090-0-2690363898873329-package tar://C:\Users\Kush\AppData\Local\Temp\npm-6520-lxVOomCm\1383676775090-0.2690363898873329\package
38 verbose lock tar://C:\Users\Kush\AppData\Local\Temp\npm-6520-lxVOomCm\1383676775090-0.2690363898873329\package C:\Users\Kush\AppData\Roaming\npm-cache\6060de87-75090-0-2690363898873329-package.lock
39 silly lockFile 73d5f44f-75090-0-2690363898873329-tmp-tgz tar://C:\Users\Kush\AppData\Local\Temp\npm-6520-lxVOomCm\1383676775090-0.2690363898873329\tmp.tgz
40 verbose lock tar://C:\Users\Kush\AppData\Local\Temp\npm-6520-lxVOomCm\1383676775090-0.2690363898873329\tmp.tgz C:\Users\Kush\AppData\Roaming\npm-cache\73d5f44f-75090-0-2690363898873329-tmp-tgz.lock
41 silly gunzTarPerm modes [ '755', '644' ]
42 silly gunzTarPerm extractEntry package.json
43 silly gunzTarPerm extractEntry .npmignore
44 silly gunzTarPerm extractEntry README.md
45 silly gunzTarPerm extractEntry .travis.yml
46 silly gunzTarPerm extractEntry bin/node-dev
47 silly gunzTarPerm extractEntry icons/node_error.png
48 silly gunzTarPerm extractEntry icons/node_info.png
49 silly gunzTarPerm extractEntry lib/cfg.js
50 silly gunzTarPerm extractEntry lib/hook.js
51 silly gunzTarPerm extractEntry lib/index.js
52 silly gunzTarPerm extractEntry lib/ipc.js
53 silly gunzTarPerm extractEntry lib/notify.js
54 silly gunzTarPerm extractEntry lib/wrap.js
55 silly gunzTarPerm extractEntry test/test.js
56 silly gunzTarPerm extractEntry test/fixture/argv.js
57 silly gunzTarPerm extractEntry test/fixture/cluster.js
58 silly gunzTarPerm extractEntry test/fixture/echo.js
59 silly gunzTarPerm extractEntry test/fixture/error.js
60 silly gunzTarPerm extractEntry test/fixture/server.js
61 silly gunzTarPerm extractEntry test/fixture/catchNoSuchModule.js
62 silly gunzTarPerm extractEntry test/fixture/main.js
63 silly gunzTarPerm extractEntry test/fixture/message.js
64 silly gunzTarPerm extractEntry test/fixture/noSuchModule.js
65 silly gunzTarPerm extractEntry test/fixture/pid.js
66 silly gunzTarPerm extractEntry test/fixture/exit.js
67 silly gunzTarPerm extractEntry test/fixture/vmtest.js
68 silly gunzTarPerm extractEntry test/fixture/log.js
69 silly gunzTarPerm extractEntry test/fixture/server.coffee
70 silly gunzTarPerm extractEntry test/fixture/cluster.coffee
71 silly gunzTarPerm extractEntry test/mocha.opts
72 silly lockFile 6060de87-75090-0-2690363898873329-package tar://C:\Users\Kush\AppData\Local\Temp\npm-6520-lxVOomCm\1383676775090-0.2690363898873329\package
73 silly lockFile 6060de87-75090-0-2690363898873329-package tar://C:\Users\Kush\AppData\Local\Temp\npm-6520-lxVOomCm\1383676775090-0.2690363898873329\package
74 silly lockFile 73d5f44f-75090-0-2690363898873329-tmp-tgz tar://C:\Users\Kush\AppData\Local\Temp\npm-6520-lxVOomCm\1383676775090-0.2690363898873329\tmp.tgz
75 silly lockFile 73d5f44f-75090-0-2690363898873329-tmp-tgz tar://C:\Users\Kush\AppData\Local\Temp\npm-6520-lxVOomCm\1383676775090-0.2690363898873329\tmp.tgz
76 verbose tar pack [ 'C:\\Users\\Kush\\AppData\\Roaming\\npm-cache\\node-dev\\2.0.2\\package.tgz',
76 verbose tar pack   'C:\\Users\\Kush\\AppData\\Local\\Temp\\npm-6520-lxVOomCm\\1383676775090-0.2690363898873329\\package' ]
77 verbose tarball C:\Users\Kush\AppData\Roaming\npm-cache\node-dev\2.0.2\package.tgz
78 verbose folder C:\Users\Kush\AppData\Local\Temp\npm-6520-lxVOomCm\1383676775090-0.2690363898873329\package
79 silly lockFile 6060de87-75090-0-2690363898873329-package tar://C:\Users\Kush\AppData\Local\Temp\npm-6520-lxVOomCm\1383676775090-0.2690363898873329\package
80 verbose lock tar://C:\Users\Kush\AppData\Local\Temp\npm-6520-lxVOomCm\1383676775090-0.2690363898873329\package C:\Users\Kush\AppData\Roaming\npm-cache\6060de87-75090-0-2690363898873329-package.lock
81 silly lockFile 0a440d1e-cache-node-dev-2-0-2-package-tgz tar://C:\Users\Kush\AppData\Roaming\npm-cache\node-dev\2.0.2\package.tgz
82 verbose lock tar://C:\Users\Kush\AppData\Roaming\npm-cache\node-dev\2.0.2\package.tgz C:\Users\Kush\AppData\Roaming\npm-cache\0a440d1e-cache-node-dev-2-0-2-package-tgz.lock
83 silly lockFile 6060de87-75090-0-2690363898873329-package tar://C:\Users\Kush\AppData\Local\Temp\npm-6520-lxVOomCm\1383676775090-0.2690363898873329\package
84 silly lockFile 6060de87-75090-0-2690363898873329-package tar://C:\Users\Kush\AppData\Local\Temp\npm-6520-lxVOomCm\1383676775090-0.2690363898873329\package
85 silly lockFile 0a440d1e-cache-node-dev-2-0-2-package-tgz tar://C:\Users\Kush\AppData\Roaming\npm-cache\node-dev\2.0.2\package.tgz
86 silly lockFile 0a440d1e-cache-node-dev-2-0-2-package-tgz tar://C:\Users\Kush\AppData\Roaming\npm-cache\node-dev\2.0.2\package.tgz
87 silly lockFile d8738291-npm-cache-node-dev-2-0-2-package C:\Users\Kush\AppData\Roaming\npm-cache\node-dev\2.0.2\package
88 verbose lock C:\Users\Kush\AppData\Roaming\npm-cache\node-dev\2.0.2\package C:\Users\Kush\AppData\Roaming\npm-cache\d8738291-npm-cache-node-dev-2-0-2-package.lock
89 silly lockFile d8738291-npm-cache-node-dev-2-0-2-package C:\Users\Kush\AppData\Roaming\npm-cache\node-dev\2.0.2\package
90 silly lockFile d8738291-npm-cache-node-dev-2-0-2-package C:\Users\Kush\AppData\Roaming\npm-cache\node-dev\2.0.2\package
91 verbose tar unpack C:\Users\Kush\AppData\Roaming\npm-cache\node-dev\2.0.2\package.tgz
92 silly lockFile 2ccb086c-npm-cache-node-dev-2-0-2-package tar://C:\Users\Kush\AppData\Roaming\npm-cache\node-dev\2.0.2\package
93 verbose lock tar://C:\Users\Kush\AppData\Roaming\npm-cache\node-dev\2.0.2\package C:\Users\Kush\AppData\Roaming\npm-cache\2ccb086c-npm-cache-node-dev-2-0-2-package.lock
94 silly lockFile 0a440d1e-cache-node-dev-2-0-2-package-tgz tar://C:\Users\Kush\AppData\Roaming\npm-cache\node-dev\2.0.2\package.tgz
95 verbose lock tar://C:\Users\Kush\AppData\Roaming\npm-cache\node-dev\2.0.2\package.tgz C:\Users\Kush\AppData\Roaming\npm-cache\0a440d1e-cache-node-dev-2-0-2-package-tgz.lock
96 silly gunzTarPerm modes [ '755', '644' ]
97 silly gunzTarPerm extractEntry package.json
98 silly gunzTarPerm modified mode [ 'package.json', 438, 420 ]
99 silly gunzTarPerm extractEntry .npmignore
100 silly gunzTarPerm modified mode [ '.npmignore', 438, 420 ]
101 silly gunzTarPerm extractEntry README.md
102 silly gunzTarPerm modified mode [ 'README.md', 438, 420 ]
103 silly gunzTarPerm extractEntry .travis.yml
104 silly gunzTarPerm modified mode [ '.travis.yml', 438, 420 ]
105 silly gunzTarPerm extractEntry bin/node-dev
106 silly gunzTarPerm modified mode [ 'bin/node-dev', 438, 420 ]
107 silly gunzTarPerm extractEntry icons/node_error.png
108 silly gunzTarPerm modified mode [ 'icons/node_error.png', 438, 420 ]
109 silly gunzTarPerm extractEntry icons/node_info.png
110 silly gunzTarPerm modified mode [ 'icons/node_info.png', 438, 420 ]
111 silly gunzTarPerm extractEntry lib/cfg.js
112 silly gunzTarPerm modified mode [ 'lib/cfg.js', 438, 420 ]
113 silly gunzTarPerm extractEntry lib/hook.js
114 silly gunzTarPerm modified mode [ 'lib/hook.js', 438, 420 ]
115 silly gunzTarPerm extractEntry lib/index.js
116 silly gunzTarPerm modified mode [ 'lib/index.js', 438, 420 ]
117 silly gunzTarPerm extractEntry lib/ipc.js
118 silly gunzTarPerm modified mode [ 'lib/ipc.js', 438, 420 ]
119 silly gunzTarPerm extractEntry lib/notify.js
120 silly gunzTarPerm modified mode [ 'lib/notify.js', 438, 420 ]
121 silly gunzTarPerm extractEntry lib/wrap.js
122 silly gunzTarPerm modified mode [ 'lib/wrap.js', 438, 420 ]
123 silly gunzTarPerm extractEntry test/test.js
124 silly gunzTarPerm modified mode [ 'test/test.js', 438, 420 ]
125 silly gunzTarPerm extractEntry test/fixture/argv.js
126 silly gunzTarPerm modified mode [ 'test/fixture/argv.js', 438, 420 ]
127 silly gunzTarPerm extractEntry test/fixture/cluster.js
128 silly gunzTarPerm modified mode [ 'test/fixture/cluster.js', 438, 420 ]
129 silly gunzTarPerm extractEntry test/fixture/echo.js
130 silly gunzTarPerm modified mode [ 'test/fixture/echo.js', 438, 420 ]
131 silly gunzTarPerm extractEntry test/fixture/error.js
132 silly gunzTarPerm modified mode [ 'test/fixture/error.js', 438, 420 ]
133 silly gunzTarPerm extractEntry test/fixture/server.js
134 silly gunzTarPerm modified mode [ 'test/fixture/server.js', 438, 420 ]
135 silly gunzTarPerm extractEntry test/fixture/catchNoSuchModule.js
136 silly gunzTarPerm modified mode [ 'test/fixture/catchNoSuchModule.js', 438, 420 ]
137 silly gunzTarPerm extractEntry test/fixture/main.js
138 silly gunzTarPerm modified mode [ 'test/fixture/main.js', 438, 420 ]
139 silly gunzTarPerm extractEntry test/fixture/message.js
140 silly gunzTarPerm modified mode [ 'test/fixture/message.js', 438, 420 ]
141 silly gunzTarPerm extractEntry test/fixture/noSuchModule.js
142 silly gunzTarPerm modified mode [ 'test/fixture/noSuchModule.js', 438, 420 ]
143 silly gunzTarPerm extractEntry test/fixture/pid.js
144 silly gunzTarPerm modified mode [ 'test/fixture/pid.js', 438, 420 ]
145 silly gunzTarPerm extractEntry test/fixture/exit.js
146 silly gunzTarPerm modified mode [ 'test/fixture/exit.js', 438, 420 ]
147 silly gunzTarPerm extractEntry test/fixture/vmtest.js
148 silly gunzTarPerm modified mode [ 'test/fixture/vmtest.js', 438, 420 ]
149 silly gunzTarPerm extractEntry test/fixture/log.js
150 silly gunzTarPerm modified mode [ 'test/fixture/log.js', 438, 420 ]
151 silly gunzTarPerm extractEntry test/fixture/server.coffee
152 silly gunzTarPerm modified mode [ 'test/fixture/server.coffee', 438, 420 ]
153 silly gunzTarPerm extractEntry test/fixture/cluster.coffee
154 silly gunzTarPerm modified mode [ 'test/fixture/cluster.coffee', 438, 420 ]
155 silly gunzTarPerm extractEntry test/mocha.opts
156 silly gunzTarPerm modified mode [ 'test/mocha.opts', 438, 420 ]
157 silly lockFile 2ccb086c-npm-cache-node-dev-2-0-2-package tar://C:\Users\Kush\AppData\Roaming\npm-cache\node-dev\2.0.2\package
158 silly lockFile 2ccb086c-npm-cache-node-dev-2-0-2-package tar://C:\Users\Kush\AppData\Roaming\npm-cache\node-dev\2.0.2\package
159 silly lockFile 0a440d1e-cache-node-dev-2-0-2-package-tgz tar://C:\Users\Kush\AppData\Roaming\npm-cache\node-dev\2.0.2\package.tgz
160 silly lockFile 0a440d1e-cache-node-dev-2-0-2-package-tgz tar://C:\Users\Kush\AppData\Roaming\npm-cache\node-dev\2.0.2\package.tgz
161 verbose chmod C:\Users\Kush\AppData\Roaming\npm-cache\node-dev\2.0.2\package.tgz 644
162 silly chown skipping for windows C:\Users\Kush\AppData\Roaming\npm-cache\node-dev\2.0.2\package.tgz
163 silly lockFile 5e4a6893--org-node-dev-node-dev-2-0-2-tgz https://registry.npmjs.org/node-dev/-/node-dev-2.0.2.tgz
164 silly lockFile 5e4a6893--org-node-dev-node-dev-2-0-2-tgz https://registry.npmjs.org/node-dev/-/node-dev-2.0.2.tgz
165 silly lockFile 8ef92b8c-node-dev-2-0-2 node-dev@2.0.2
166 silly lockFile 8ef92b8c-node-dev-2-0-2 node-dev@2.0.2
167 silly lockFile 2552a2f1-node-dev node-dev@
168 silly lockFile 2552a2f1-node-dev node-dev@
169 silly resolved [ { name: 'node-dev',
169 silly resolved     version: '2.0.2',
169 silly resolved     description: 'Restarts your app when files are modified',
169 silly resolved     keywords: [ 'restart', 'reload', 'supervisor', 'monitor', 'watch' ],
169 silly resolved     author: { name: 'Felix Gnass' },
169 silly resolved     repository: { type: 'git', url: 'http://github.com/fgnass/node-dev.git' },
169 silly resolved     license: 'MIT',
169 silly resolved     bin: { 'node-dev': './bin/node-dev' },
169 silly resolved     main: './lib',
169 silly resolved     preferGlobal: true,
169 silly resolved     engines: { node: '>=0.8.0' },
169 silly resolved     scripts: { test: './node_modules/.bin/mocha' },
169 silly resolved     dependencies:
169 silly resolved      { growl: '~1.7.0',
169 silly resolved        dateformat: '~1.0.4-1.2.3',
169 silly resolved        chokidar: '~0.6.2' },
169 silly resolved     devDependencies:
169 silly resolved      { mocha: '~1.4.1',
169 silly resolved        'expect.js': '~0.2.0',
169 silly resolved        touch: '0.0.2',
169 silly resolved        'coffee-script': '~1.5.0' },
169 silly resolved     readme: '[![Build Status](https://secure.travis-ci.org/fgnass/node-dev.png)](http://travis-ci.org/fgnass/node-dev)\n\n# node-dev\n\nNode-dev is a development tool for [Node.js](http://nodejs.org) that\nautomatically restarts the node process when a script is modified.\n\nIt\'s an alternative to tools like\n[supervisor](https://github.com/isaacs/node-supervisor) or\n[nodemon](https://github.com/remy/nodemon) that doesn\'t require any\nconfiguration. Just run `node-dev foo.js` as you would normally run `node` and\nit will automatically figure out which files need to be watched.\n\nYou may also use node-dev with [CoffeeScript](http://http://coffeescript.org/)\nor [LiveScript](http://livescript.net/) apps. Just run `node-dev app.coffee`\nor `node-dev app.ls`. You may also register additional language flavors by\nadding them to the extensions list in your [.node-dev.json](#settings) config\nfile.\n\n### Desktop Notifications\n\nStatus and error messages can be displayed as desktop notification using either\n[Growl](http://growl.info/about.php) or\n[libnotify](http://developer.gnome.org/libnotify/).\n\n![Screenshot](http://fgnass.github.com/images/node-dev.png)\n\n![Screenshot](http://fgnass.github.com/images/node-dev-linux.png)\n\n### Installation\n\nNode-dev can be installed via [npm](http://github.com/isaacs/npm):\n\n    npm install -g node-dev\n\nIn order to use Growl notifications\n[growlnotify](http://growl.info/extras.php#growlnotify) must be installed on\nyour system.\n\nTo use OSX\'s built in notifications:\n\n    sudo gem install terminal-notifier\n\n### Settings\n\nUpon startup node-dev looks for a `.node-dev.json` file in the user\'s HOME\ndirectory. It will also look for a `.node-dev.json` file in the current\ndirectory which – if present – overwrites the global settings.\n\n* __vm__ – Whether to watch files loaded via Node\'s [VM](http://nodejs.org/docs/latest/api/vm.html) module. _Default:_ `true`\n* __fork__ – Whether to hook into [child_process.fork()](http://nodejs.org/docs/latest/api/child_process.html#child_process_child_process_fork_modulepath_args_options) which is required for [clustered](http://nodejs.org/docs/latest/api/cluster.html) programs. _Default:_ `true`\n* __notify__ – Whether to display desktop notifications. _Default:_ `true`\n* __timestamp__ – The timestamp format to use for logging restarts. _Default:_ `"HH:MM:ss"`\n* __clear__ – Whether to clear the screen upon restarts. _Default:_ `false`\n* __extensions__ – Modules to load based bad on extension of the main script. _Default:_\n  `{ coffee: "coffee-script", ls: "LiveScript" }`\n\n### The MIT License (MIT)\n\nCopyright (c) 2013 Felix Gnass\n\nPermission is hereby granted, free of charge, to any person obtaining a copy\nof this software and associated documentation files (the "Software"), to deal\nin the Software without restriction, including without limitation the rights\nto use, copy, modify, merge, publish, distribute, sublicense, and/or sell\ncopies of the Software, and to permit persons to whom the Software is\nfurnished to do so, subject to the following conditions:\n\nThe above copyright notice and this permission notice shall be included in\nall copies or substantial portions of the Software.\n\nTHE SOFTWARE IS PROVIDED "AS IS", WITHOUT WARRANTY OF ANY KIND, EXPRESS OR\nIMPLIED, INCLUDING BUT NOT LIMITED TO THE WARRANTIES OF MERCHANTABILITY,\nFITNESS FOR A PARTICULAR PURPOSE AND NONINFRINGEMENT. IN NO EVENT SHALL THE\nAUTHORS OR COPYRIGHT HOLDERS BE LIABLE FOR ANY CLAIM, DAMAGES OR OTHER\nLIABILITY, WHETHER IN AN ACTION OF CONTRACT, TORT OR OTHERWISE, ARISING FROM,\nOUT OF OR IN CONNECTION WITH THE SOFTWARE OR THE USE OR OTHER DEALINGS IN\nTHE SOFTWARE.\n',
169 silly resolved     readmeFilename: 'README.md',
169 silly resolved     bugs: { url: 'https://github.com/fgnass/node-dev/issues' },
169 silly resolved     _id: 'node-dev@2.0.2',
169 silly resolved     dist: { shasum: '0ec803fa0bd98f40f339c3e80d7cf154bd091e61' },
169 silly resolved     _from: 'node-dev@',
169 silly resolved     _resolved: 'https://registry.npmjs.org/node-dev/-/node-dev-2.0.2.tgz' } ]
170 info install node-dev@2.0.2 into C:\Users\Kush\AppData\Roaming\npm
171 info installOne node-dev@2.0.2
172 info C:\Users\Kush\AppData\Roaming\npm\node_modules\node-dev unbuild
173 verbose tar unpack C:\Users\Kush\AppData\Roaming\npm-cache\node-dev\2.0.2\package.tgz
174 silly lockFile 9c82b2bc-oaming-npm-node-modules-node-dev tar://C:\Users\Kush\AppData\Roaming\npm\node_modules\node-dev
175 verbose lock tar://C:\Users\Kush\AppData\Roaming\npm\node_modules\node-dev C:\Users\Kush\AppData\Roaming\npm-cache\9c82b2bc-oaming-npm-node-modules-node-dev.lock
176 silly lockFile 0a440d1e-cache-node-dev-2-0-2-package-tgz tar://C:\Users\Kush\AppData\Roaming\npm-cache\node-dev\2.0.2\package.tgz
177 verbose lock tar://C:\Users\Kush\AppData\Roaming\npm-cache\node-dev\2.0.2\package.tgz C:\Users\Kush\AppData\Roaming\npm-cache\0a440d1e-cache-node-dev-2-0-2-package-tgz.lock
178 silly gunzTarPerm modes [ '755', '644' ]
179 silly gunzTarPerm extractEntry package.json
180 silly gunzTarPerm modified mode [ 'package.json', 438, 420 ]
181 silly gunzTarPerm extractEntry .npmignore
182 silly gunzTarPerm modified mode [ '.npmignore', 438, 420 ]
183 silly gunzTarPerm extractEntry README.md
184 silly gunzTarPerm modified mode [ 'README.md', 438, 420 ]
185 silly gunzTarPerm extractEntry .travis.yml
186 silly gunzTarPerm modified mode [ '.travis.yml', 438, 420 ]
187 silly gunzTarPerm extractEntry bin/node-dev
188 silly gunzTarPerm modified mode [ 'bin/node-dev', 438, 420 ]
189 silly gunzTarPerm extractEntry icons/node_error.png
190 silly gunzTarPerm modified mode [ 'icons/node_error.png', 438, 420 ]
191 silly gunzTarPerm extractEntry icons/node_info.png
192 silly gunzTarPerm modified mode [ 'icons/node_info.png', 438, 420 ]
193 silly gunzTarPerm extractEntry lib/cfg.js
194 silly gunzTarPerm modified mode [ 'lib/cfg.js', 438, 420 ]
195 silly gunzTarPerm extractEntry lib/hook.js
196 silly gunzTarPerm modified mode [ 'lib/hook.js', 438, 420 ]
197 silly gunzTarPerm extractEntry lib/index.js
198 silly gunzTarPerm modified mode [ 'lib/index.js', 438, 420 ]
199 silly gunzTarPerm extractEntry lib/ipc.js
200 silly gunzTarPerm modified mode [ 'lib/ipc.js', 438, 420 ]
201 silly gunzTarPerm extractEntry lib/notify.js
202 silly gunzTarPerm modified mode [ 'lib/notify.js', 438, 420 ]
203 silly gunzTarPerm extractEntry lib/wrap.js
204 silly gunzTarPerm modified mode [ 'lib/wrap.js', 438, 420 ]
205 silly gunzTarPerm extractEntry test/test.js
206 silly gunzTarPerm modified mode [ 'test/test.js', 438, 420 ]
207 silly gunzTarPerm extractEntry test/fixture/argv.js
208 silly gunzTarPerm modified mode [ 'test/fixture/argv.js', 438, 420 ]
209 silly gunzTarPerm extractEntry test/fixture/cluster.js
210 silly gunzTarPerm modified mode [ 'test/fixture/cluster.js', 438, 420 ]
211 silly gunzTarPerm extractEntry test/fixture/echo.js
212 silly gunzTarPerm modified mode [ 'test/fixture/echo.js', 438, 420 ]
213 silly gunzTarPerm extractEntry test/fixture/error.js
214 silly gunzTarPerm modified mode [ 'test/fixture/error.js', 438, 420 ]
215 silly gunzTarPerm extractEntry test/fixture/server.js
216 silly gunzTarPerm modified mode [ 'test/fixture/server.js', 438, 420 ]
217 silly gunzTarPerm extractEntry test/fixture/catchNoSuchModule.js
218 silly gunzTarPerm modified mode [ 'test/fixture/catchNoSuchModule.js', 438, 420 ]
219 silly gunzTarPerm extractEntry test/fixture/main.js
220 silly gunzTarPerm modified mode [ 'test/fixture/main.js', 438, 420 ]
221 silly gunzTarPerm extractEntry test/fixture/message.js
222 silly gunzTarPerm modified mode [ 'test/fixture/message.js', 438, 420 ]
223 silly gunzTarPerm extractEntry test/fixture/noSuchModule.js
224 silly gunzTarPerm modified mode [ 'test/fixture/noSuchModule.js', 438, 420 ]
225 silly gunzTarPerm extractEntry test/fixture/pid.js
226 silly gunzTarPerm modified mode [ 'test/fixture/pid.js', 438, 420 ]
227 silly gunzTarPerm extractEntry test/fixture/exit.js
228 silly gunzTarPerm modified mode [ 'test/fixture/exit.js', 438, 420 ]
229 silly gunzTarPerm extractEntry test/fixture/vmtest.js
230 silly gunzTarPerm modified mode [ 'test/fixture/vmtest.js', 438, 420 ]
231 silly gunzTarPerm extractEntry test/fixture/log.js
232 silly gunzTarPerm modified mode [ 'test/fixture/log.js', 438, 420 ]
233 silly gunzTarPerm extractEntry test/fixture/server.coffee
234 silly gunzTarPerm modified mode [ 'test/fixture/server.coffee', 438, 420 ]
235 silly gunzTarPerm extractEntry test/fixture/cluster.coffee
236 silly gunzTarPerm modified mode [ 'test/fixture/cluster.coffee', 438, 420 ]
237 silly gunzTarPerm extractEntry test/mocha.opts
238 silly gunzTarPerm modified mode [ 'test/mocha.opts', 438, 420 ]
239 silly lockFile 9c82b2bc-oaming-npm-node-modules-node-dev tar://C:\Users\Kush\AppData\Roaming\npm\node_modules\node-dev
240 silly lockFile 9c82b2bc-oaming-npm-node-modules-node-dev tar://C:\Users\Kush\AppData\Roaming\npm\node_modules\node-dev
241 silly lockFile 0a440d1e-cache-node-dev-2-0-2-package-tgz tar://C:\Users\Kush\AppData\Roaming\npm-cache\node-dev\2.0.2\package.tgz
242 silly lockFile 0a440d1e-cache-node-dev-2-0-2-package-tgz tar://C:\Users\Kush\AppData\Roaming\npm-cache\node-dev\2.0.2\package.tgz
243 info preinstall node-dev@2.0.2
244 verbose readDependencies using package.json deps
245 verbose readDependencies using package.json deps
246 verbose cache add [ 'growl@~1.7.0', null ]
247 verbose cache add name=undefined spec="growl@~1.7.0" args=["growl@~1.7.0",null]
248 verbose parsed url { protocol: null,
248 verbose parsed url   slashes: null,
248 verbose parsed url   auth: null,
248 verbose parsed url   host: null,
248 verbose parsed url   port: null,
248 verbose parsed url   hostname: null,
248 verbose parsed url   hash: null,
248 verbose parsed url   search: null,
248 verbose parsed url   query: null,
248 verbose parsed url   pathname: 'growl@~1.7.0',
248 verbose parsed url   path: 'growl@~1.7.0',
248 verbose parsed url   href: 'growl@~1.7.0' }
249 verbose cache add name="growl" spec="~1.7.0" args=["growl","~1.7.0"]
250 verbose parsed url { protocol: null,
250 verbose parsed url   slashes: null,
250 verbose parsed url   auth: null,
250 verbose parsed url   host: null,
250 verbose parsed url   port: null,
250 verbose parsed url   hostname: null,
250 verbose parsed url   hash: null,
250 verbose parsed url   search: null,
250 verbose parsed url   query: null,
250 verbose parsed url   pathname: '~1.7.0',
250 verbose parsed url   path: '~1.7.0',
250 verbose parsed url   href: '~1.7.0' }
251 verbose addNamed [ 'growl', '~1.7.0' ]
252 verbose addNamed [ null, '>=1.7.0-0 <1.8.0-0' ]
253 silly lockFile 4821b59b-growl-1-7-0 growl@~1.7.0
254 verbose lock growl@~1.7.0 C:\Users\Kush\AppData\Roaming\npm-cache\4821b59b-growl-1-7-0.lock
255 verbose cache add [ 'dateformat@~1.0.4-1.2.3', null ]
256 verbose cache add name=undefined spec="dateformat@~1.0.4-1.2.3" args=["dateformat@~1.0.4-1.2.3",null]
257 verbose parsed url { protocol: null,
257 verbose parsed url   slashes: null,
257 verbose parsed url   auth: null,
257 verbose parsed url   host: null,
257 verbose parsed url   port: null,
257 verbose parsed url   hostname: null,
257 verbose parsed url   hash: null,
257 verbose parsed url   search: null,
257 verbose parsed url   query: null,
257 verbose parsed url   pathname: 'dateformat@~1.0.4-1.2.3',
257 verbose parsed url   path: 'dateformat@~1.0.4-1.2.3',
257 verbose parsed url   href: 'dateformat@~1.0.4-1.2.3' }
258 verbose cache add name="dateformat" spec="~1.0.4-1.2.3" args=["dateformat","~1.0.4-1.2.3"]
259 verbose parsed url { protocol: null,
259 verbose parsed url   slashes: null,
259 verbose parsed url   auth: null,
259 verbose parsed url   host: null,
259 verbose parsed url   port: null,
259 verbose parsed url   hostname: null,
259 verbose parsed url   hash: null,
259 verbose parsed url   search: null,
259 verbose parsed url   query: null,
259 verbose parsed url   pathname: '~1.0.4-1.2.3',
259 verbose parsed url   path: '~1.0.4-1.2.3',
259 verbose parsed url   href: '~1.0.4-1.2.3' }
260 verbose addNamed [ 'dateformat', '~1.0.4-1.2.3' ]
261 verbose addNamed [ null, '>=1.0.4-1.2.3 <1.1.0-0' ]
262 silly lockFile fa876287-dateformat-1-0-4-1-2-3 dateformat@~1.0.4-1.2.3
263 verbose lock dateformat@~1.0.4-1.2.3 C:\Users\Kush\AppData\Roaming\npm-cache\fa876287-dateformat-1-0-4-1-2-3.lock
264 verbose cache add [ 'chokidar@~0.6.2', null ]
265 verbose cache add name=undefined spec="chokidar@~0.6.2" args=["chokidar@~0.6.2",null]
266 verbose parsed url { protocol: null,
266 verbose parsed url   slashes: null,
266 verbose parsed url   auth: null,
266 verbose parsed url   host: null,
266 verbose parsed url   port: null,
266 verbose parsed url   hostname: null,
266 verbose parsed url   hash: null,
266 verbose parsed url   search: null,
266 verbose parsed url   query: null,
266 verbose parsed url   pathname: 'chokidar@~0.6.2',
266 verbose parsed url   path: 'chokidar@~0.6.2',
266 verbose parsed url   href: 'chokidar@~0.6.2' }
267 verbose cache add name="chokidar" spec="~0.6.2" args=["chokidar","~0.6.2"]
268 verbose parsed url { protocol: null,
268 verbose parsed url   slashes: null,
268 verbose parsed url   auth: null,
268 verbose parsed url   host: null,
268 verbose parsed url   port: null,
268 verbose parsed url   hostname: null,
268 verbose parsed url   hash: null,
268 verbose parsed url   search: null,
268 verbose parsed url   query: null,
268 verbose parsed url   pathname: '~0.6.2',
268 verbose parsed url   path: '~0.6.2',
268 verbose parsed url   href: '~0.6.2' }
269 verbose addNamed [ 'chokidar', '~0.6.2' ]
270 verbose addNamed [ null, '>=0.6.2-0 <0.7.0-0' ]
271 silly lockFile 47b26ac2-chokidar-0-6-2 chokidar@~0.6.2
272 verbose lock chokidar@~0.6.2 C:\Users\Kush\AppData\Roaming\npm-cache\47b26ac2-chokidar-0-6-2.lock
273 silly addNameRange { name: 'dateformat',
273 silly addNameRange   range: '>=1.0.4-1.2.3 <1.1.0-0',
273 silly addNameRange   hasData: false }
274 verbose url raw dateformat
275 verbose url resolving [ 'https://registry.npmjs.org/', './dateformat' ]
276 verbose url resolved https://registry.npmjs.org/dateformat
277 info trying registry request attempt 1 at 12:39:39
278 http GET https://registry.npmjs.org/dateformat
279 silly addNameRange { name: 'growl', range: '>=1.7.0-0 <1.8.0-0', hasData: false }
280 silly addNameRange { name: 'chokidar', range: '>=0.6.2-0 <0.7.0-0', hasData: false }
281 verbose url raw growl
282 verbose url resolving [ 'https://registry.npmjs.org/', './growl' ]
283 verbose url resolved https://registry.npmjs.org/growl
284 info trying registry request attempt 1 at 12:39:39
285 http GET https://registry.npmjs.org/growl
286 verbose url raw chokidar
287 verbose url resolving [ 'https://registry.npmjs.org/', './chokidar' ]
288 verbose url resolved https://registry.npmjs.org/chokidar
289 info trying registry request attempt 1 at 12:39:39
290 verbose etag "AP0Q227LQ7JEH4M6ZBOJTO3JZ"
291 http GET https://registry.npmjs.org/chokidar
292 http 200 https://registry.npmjs.org/growl
293 silly registry.get cb [ 200,
293 silly registry.get   { vary: 'Accept',
293 silly registry.get     server: 'CouchDB/1.3.1 (Erlang OTP/R15B03)',
293 silly registry.get     etag: '"6SD2371L0MQBHTWNPQDK6FYDW"',
293 silly registry.get     date: 'Tue, 05 Nov 2013 18:38:41 GMT',
293 silly registry.get     'content-type': 'application/json',
293 silly registry.get     'content-length': '24234' } ]
294 http 200 https://registry.npmjs.org/dateformat
295 silly registry.get cb [ 200,
295 silly registry.get   { vary: 'Accept',
295 silly registry.get     server: 'CouchDB/1.3.1 (Erlang OTP/R15B03)',
295 silly registry.get     etag: '"53MGS4758SFBP4J0VMOWHAVRB"',
295 silly registry.get     date: 'Tue, 05 Nov 2013 18:38:41 GMT',
295 silly registry.get     'content-type': 'application/json',
295 silly registry.get     'content-length': '17897' } ]
296 silly addNameRange number 2 { name: 'growl', range: '>=1.7.0-0 <1.8.0-0', hasData: true }
297 silly addNameRange versions [ 'growl',
297 silly addNameRange   [ '1.0.1',
297 silly addNameRange     '1.0.2',
297 silly addNameRange     '1.1.0',
297 silly addNameRange     '1.2.0',
297 silly addNameRange     '1.2.1',
297 silly addNameRange     '1.3.0',
297 silly addNameRange     '1.4.0',
297 silly addNameRange     '1.4.1',
297 silly addNameRange     '1.5.0',
297 silly addNameRange     '1.5.1',
297 silly addNameRange     '1.6.0',
297 silly addNameRange     '1.6.1',
297 silly addNameRange     '1.7.0' ] ]
298 verbose addNamed [ 'growl', '1.7.0' ]
299 verbose addNamed [ '1.7.0', '1.7.0' ]
300 silly lockFile 2e65a17a-growl-1-7-0 growl@1.7.0
301 verbose lock growl@1.7.0 C:\Users\Kush\AppData\Roaming\npm-cache\2e65a17a-growl-1-7-0.lock
302 silly lockFile fc04c9b9--npmjs-org-growl-growl-1-7-0-tgz https://registry.npmjs.org/growl/-/growl-1.7.0.tgz
303 verbose lock https://registry.npmjs.org/growl/-/growl-1.7.0.tgz C:\Users\Kush\AppData\Roaming\npm-cache\fc04c9b9--npmjs-org-growl-growl-1-7-0-tgz.lock
304 silly addNameRange number 2 { name: 'dateformat',
304 silly addNameRange   range: '>=1.0.4-1.2.3 <1.1.0-0',
304 silly addNameRange   hasData: true }
305 silly addNameRange versions [ 'dateformat',
305 silly addNameRange   [ '0.9.0-1.2.3',
305 silly addNameRange     '1.0.0-1.2.3',
305 silly addNameRange     '1.0.1-1.2.3',
305 silly addNameRange     '1.0.2-1.2.3',
305 silly addNameRange     '1.0.3-1.2.3',
305 silly addNameRange     '1.0.4-1.2.3',
305 silly addNameRange     '1.0.5-1.2.3',
305 silly addNameRange     '1.0.6-1.2.3' ] ]
306 verbose addNamed [ 'dateformat', '1.0.6-1.2.3' ]
307 verbose addNamed [ '1.0.6-1.2.3', '1.0.6-1.2.3' ]
308 silly lockFile 0128c02f-dateformat-1-0-6-1-2-3 dateformat@1.0.6-1.2.3
309 verbose lock dateformat@1.0.6-1.2.3 C:\Users\Kush\AppData\Roaming\npm-cache\0128c02f-dateformat-1-0-6-1-2-3.lock
310 verbose addRemoteTarball [ 'https://registry.npmjs.org/growl/-/growl-1.7.0.tgz',
310 verbose addRemoteTarball   'de2d66136d002e112ba70f3f10c31cf7c350b2da' ]
311 info retry fetch attempt 1 at 12:39:40
312 verbose fetch to= C:\Users\Kush\AppData\Local\Temp\npm-6520-lxVOomCm\1383676780695-0.7364899069070816\tmp.tgz
313 http GET https://registry.npmjs.org/growl/-/growl-1.7.0.tgz
314 silly lockFile 98600888-ormat-dateformat-1-0-6-1-2-3-tgz https://registry.npmjs.org/dateformat/-/dateformat-1.0.6-1.2.3.tgz
315 verbose lock https://registry.npmjs.org/dateformat/-/dateformat-1.0.6-1.2.3.tgz C:\Users\Kush\AppData\Roaming\npm-cache\98600888-ormat-dateformat-1-0-6-1-2-3-tgz.lock
316 verbose addRemoteTarball [ 'https://registry.npmjs.org/dateformat/-/dateformat-1.0.6-1.2.3.tgz',
316 verbose addRemoteTarball   '6b3de9f974f698d8b2d3ff9094bbaac8d696c16b' ]
317 info retry fetch attempt 1 at 12:39:40
318 verbose fetch to= C:\Users\Kush\AppData\Local\Temp\npm-6520-lxVOomCm\1383676780769-0.8323177401907742\tmp.tgz
319 http GET https://registry.npmjs.org/dateformat/-/dateformat-1.0.6-1.2.3.tgz
320 http 200 https://registry.npmjs.org/chokidar
321 silly registry.get cb [ 200,
321 silly registry.get   { vary: 'Accept',
321 silly registry.get     server: 'CouchDB/1.3.1 (Erlang OTP/R15B03)',
321 silly registry.get     etag: '"C76QQ5QDCKZKJJ9CL1GE4LO0R"',
321 silly registry.get     date: 'Tue, 05 Nov 2013 18:38:41 GMT',
321 silly registry.get     'content-type': 'application/json',
321 silly registry.get     'content-length': '71273' } ]
322 silly addNameRange number 2 { name: 'chokidar', range: '>=0.6.2-0 <0.7.0-0', hasData: true }
323 silly addNameRange versions [ 'chokidar',
323 silly addNameRange   [ '0.1.1',
323 silly addNameRange     '0.2.0',
323 silly addNameRange     '0.2.1',
323 silly addNameRange     '0.2.2',
323 silly addNameRange     '0.2.3',
323 silly addNameRange     '0.2.4',
323 silly addNameRange     '0.2.5',
323 silly addNameRange     '0.2.6',
323 silly addNameRange     '0.3.0',
323 silly addNameRange     '0.4.0',
323 silly addNameRange     '0.5.0',
323 silly addNameRange     '0.5.1',
323 silly addNameRange     '0.5.2',
323 silly addNameRange     '0.5.3',
323 silly addNameRange     '0.6.0',
323 silly addNameRange     '0.6.1',
323 silly addNameRange     '0.6.2',
323 silly addNameRange     '0.6.3',
323 silly addNameRange     '0.7.0' ] ]
324 verbose addNamed [ 'chokidar', '0.6.3' ]
325 verbose addNamed [ '0.6.3', '0.6.3' ]
326 silly lockFile 2b7757e4-chokidar-0-6-3 chokidar@0.6.3
327 verbose lock chokidar@0.6.3 C:\Users\Kush\AppData\Roaming\npm-cache\2b7757e4-chokidar-0-6-3.lock
328 silly lockFile 2b7757e4-chokidar-0-6-3 chokidar@0.6.3
329 silly lockFile 2b7757e4-chokidar-0-6-3 chokidar@0.6.3
330 silly lockFile 47b26ac2-chokidar-0-6-2 chokidar@~0.6.2
331 silly lockFile 47b26ac2-chokidar-0-6-2 chokidar@~0.6.2
332 http 200 https://registry.npmjs.org/growl/-/growl-1.7.0.tgz
333 http 200 https://registry.npmjs.org/dateformat/-/dateformat-1.0.6-1.2.3.tgz
334 verbose tar unpack C:\Users\Kush\AppData\Local\Temp\npm-6520-lxVOomCm\1383676780695-0.7364899069070816\tmp.tgz
335 silly lockFile 4dc9d98e-80695-0-7364899069070816-package tar://C:\Users\Kush\AppData\Local\Temp\npm-6520-lxVOomCm\1383676780695-0.7364899069070816\package
336 verbose lock tar://C:\Users\Kush\AppData\Local\Temp\npm-6520-lxVOomCm\1383676780695-0.7364899069070816\package C:\Users\Kush\AppData\Roaming\npm-cache\4dc9d98e-80695-0-7364899069070816-package.lock
337 silly lockFile b8f5d511-80695-0-7364899069070816-tmp-tgz tar://C:\Users\Kush\AppData\Local\Temp\npm-6520-lxVOomCm\1383676780695-0.7364899069070816\tmp.tgz
338 verbose lock tar://C:\Users\Kush\AppData\Local\Temp\npm-6520-lxVOomCm\1383676780695-0.7364899069070816\tmp.tgz C:\Users\Kush\AppData\Roaming\npm-cache\b8f5d511-80695-0-7364899069070816-tmp-tgz.lock
339 verbose tar unpack C:\Users\Kush\AppData\Local\Temp\npm-6520-lxVOomCm\1383676780769-0.8323177401907742\tmp.tgz
340 silly lockFile 85ee234c-80769-0-8323177401907742-package tar://C:\Users\Kush\AppData\Local\Temp\npm-6520-lxVOomCm\1383676780769-0.8323177401907742\package
341 verbose lock tar://C:\Users\Kush\AppData\Local\Temp\npm-6520-lxVOomCm\1383676780769-0.8323177401907742\package C:\Users\Kush\AppData\Roaming\npm-cache\85ee234c-80769-0-8323177401907742-package.lock
342 silly lockFile bf959eb1-80769-0-8323177401907742-tmp-tgz tar://C:\Users\Kush\AppData\Local\Temp\npm-6520-lxVOomCm\1383676780769-0.8323177401907742\tmp.tgz
343 verbose lock tar://C:\Users\Kush\AppData\Local\Temp\npm-6520-lxVOomCm\1383676780769-0.8323177401907742\tmp.tgz C:\Users\Kush\AppData\Roaming\npm-cache\bf959eb1-80769-0-8323177401907742-tmp-tgz.lock
344 silly gunzTarPerm modes [ '755', '644' ]
345 silly gunzTarPerm extractEntry package.json
346 silly gunzTarPerm modes [ '755', '644' ]
347 silly gunzTarPerm extractEntry package.json
348 silly gunzTarPerm extractEntry test.js
349 silly gunzTarPerm extractEntry History.md
350 silly gunzTarPerm extractEntry lib/dateformat.js
351 silly gunzTarPerm extractEntry Readme.md
352 silly gunzTarPerm extractEntry test/basic.js
353 silly gunzTarPerm extractEntry test/test_dayofweek.js
354 silly gunzTarPerm extractEntry lib/growl.js
355 silly gunzTarPerm extractEntry Readme.md
356 silly gunzTarPerm extractEntry test/test_weekofyear.js
357 silly gunzTarPerm extractEntry test/test_weekofyear.sh
358 silly lockFile 85ee234c-80769-0-8323177401907742-package tar://C:\Users\Kush\AppData\Local\Temp\npm-6520-lxVOomCm\1383676780769-0.8323177401907742\package
359 silly lockFile 85ee234c-80769-0-8323177401907742-package tar://C:\Users\Kush\AppData\Local\Temp\npm-6520-lxVOomCm\1383676780769-0.8323177401907742\package
360 silly lockFile bf959eb1-80769-0-8323177401907742-tmp-tgz tar://C:\Users\Kush\AppData\Local\Temp\npm-6520-lxVOomCm\1383676780769-0.8323177401907742\tmp.tgz
361 silly lockFile bf959eb1-80769-0-8323177401907742-tmp-tgz tar://C:\Users\Kush\AppData\Local\Temp\npm-6520-lxVOomCm\1383676780769-0.8323177401907742\tmp.tgz
362 silly lockFile 4dc9d98e-80695-0-7364899069070816-package tar://C:\Users\Kush\AppData\Local\Temp\npm-6520-lxVOomCm\1383676780695-0.7364899069070816\package
363 silly lockFile 4dc9d98e-80695-0-7364899069070816-package tar://C:\Users\Kush\AppData\Local\Temp\npm-6520-lxVOomCm\1383676780695-0.7364899069070816\package
364 verbose tar pack [ 'C:\\Users\\Kush\\AppData\\Roaming\\npm-cache\\dateformat\\1.0.6-1.2.3\\package.tgz',
364 verbose tar pack   'C:\\Users\\Kush\\AppData\\Local\\Temp\\npm-6520-lxVOomCm\\1383676780769-0.8323177401907742\\package' ]
365 verbose tarball C:\Users\Kush\AppData\Roaming\npm-cache\dateformat\1.0.6-1.2.3\package.tgz
366 verbose folder C:\Users\Kush\AppData\Local\Temp\npm-6520-lxVOomCm\1383676780769-0.8323177401907742\package
367 silly lockFile 85ee234c-80769-0-8323177401907742-package tar://C:\Users\Kush\AppData\Local\Temp\npm-6520-lxVOomCm\1383676780769-0.8323177401907742\package
368 verbose lock tar://C:\Users\Kush\AppData\Local\Temp\npm-6520-lxVOomCm\1383676780769-0.8323177401907742\package C:\Users\Kush\AppData\Roaming\npm-cache\85ee234c-80769-0-8323177401907742-package.lock
369 silly lockFile aca0ebb2-teformat-1-0-6-1-2-3-package-tgz tar://C:\Users\Kush\AppData\Roaming\npm-cache\dateformat\1.0.6-1.2.3\package.tgz
370 verbose lock tar://C:\Users\Kush\AppData\Roaming\npm-cache\dateformat\1.0.6-1.2.3\package.tgz C:\Users\Kush\AppData\Roaming\npm-cache\aca0ebb2-teformat-1-0-6-1-2-3-package-tgz.lock
371 silly lockFile b8f5d511-80695-0-7364899069070816-tmp-tgz tar://C:\Users\Kush\AppData\Local\Temp\npm-6520-lxVOomCm\1383676780695-0.7364899069070816\tmp.tgz
372 silly lockFile b8f5d511-80695-0-7364899069070816-tmp-tgz tar://C:\Users\Kush\AppData\Local\Temp\npm-6520-lxVOomCm\1383676780695-0.7364899069070816\tmp.tgz
373 verbose tar pack [ 'C:\\Users\\Kush\\AppData\\Roaming\\npm-cache\\growl\\1.7.0\\package.tgz',
373 verbose tar pack   'C:\\Users\\Kush\\AppData\\Local\\Temp\\npm-6520-lxVOomCm\\1383676780695-0.7364899069070816\\package' ]
374 verbose tarball C:\Users\Kush\AppData\Roaming\npm-cache\growl\1.7.0\package.tgz
375 verbose folder C:\Users\Kush\AppData\Local\Temp\npm-6520-lxVOomCm\1383676780695-0.7364899069070816\package
376 silly lockFile 4dc9d98e-80695-0-7364899069070816-package tar://C:\Users\Kush\AppData\Local\Temp\npm-6520-lxVOomCm\1383676780695-0.7364899069070816\package
377 verbose lock tar://C:\Users\Kush\AppData\Local\Temp\npm-6520-lxVOomCm\1383676780695-0.7364899069070816\package C:\Users\Kush\AppData\Roaming\npm-cache\4dc9d98e-80695-0-7364899069070816-package.lock
378 silly lockFile 89bdedc7-pm-cache-growl-1-7-0-package-tgz tar://C:\Users\Kush\AppData\Roaming\npm-cache\growl\1.7.0\package.tgz
379 verbose lock tar://C:\Users\Kush\AppData\Roaming\npm-cache\growl\1.7.0\package.tgz C:\Users\Kush\AppData\Roaming\npm-cache\89bdedc7-pm-cache-growl-1-7-0-package-tgz.lock
380 silly lockFile 85ee234c-80769-0-8323177401907742-package tar://C:\Users\Kush\AppData\Local\Temp\npm-6520-lxVOomCm\1383676780769-0.8323177401907742\package
381 silly lockFile 85ee234c-80769-0-8323177401907742-package tar://C:\Users\Kush\AppData\Local\Temp\npm-6520-lxVOomCm\1383676780769-0.8323177401907742\package
382 silly lockFile aca0ebb2-teformat-1-0-6-1-2-3-package-tgz tar://C:\Users\Kush\AppData\Roaming\npm-cache\dateformat\1.0.6-1.2.3\package.tgz
383 silly lockFile aca0ebb2-teformat-1-0-6-1-2-3-package-tgz tar://C:\Users\Kush\AppData\Roaming\npm-cache\dateformat\1.0.6-1.2.3\package.tgz
384 silly lockFile 4dc9d98e-80695-0-7364899069070816-package tar://C:\Users\Kush\AppData\Local\Temp\npm-6520-lxVOomCm\1383676780695-0.7364899069070816\package
385 silly lockFile 4dc9d98e-80695-0-7364899069070816-package tar://C:\Users\Kush\AppData\Local\Temp\npm-6520-lxVOomCm\1383676780695-0.7364899069070816\package
386 silly lockFile c96ec1d7-e-dateformat-1-0-6-1-2-3-package C:\Users\Kush\AppData\Roaming\npm-cache\dateformat\1.0.6-1.2.3\package
387 verbose lock C:\Users\Kush\AppData\Roaming\npm-cache\dateformat\1.0.6-1.2.3\package C:\Users\Kush\AppData\Roaming\npm-cache\c96ec1d7-e-dateformat-1-0-6-1-2-3-package.lock
388 silly lockFile 89bdedc7-pm-cache-growl-1-7-0-package-tgz tar://C:\Users\Kush\AppData\Roaming\npm-cache\growl\1.7.0\package.tgz
389 silly lockFile 89bdedc7-pm-cache-growl-1-7-0-package-tgz tar://C:\Users\Kush\AppData\Roaming\npm-cache\growl\1.7.0\package.tgz
390 silly lockFile c96ec1d7-e-dateformat-1-0-6-1-2-3-package C:\Users\Kush\AppData\Roaming\npm-cache\dateformat\1.0.6-1.2.3\package
391 silly lockFile c96ec1d7-e-dateformat-1-0-6-1-2-3-package C:\Users\Kush\AppData\Roaming\npm-cache\dateformat\1.0.6-1.2.3\package
392 silly lockFile c5136475-ng-npm-cache-growl-1-7-0-package C:\Users\Kush\AppData\Roaming\npm-cache\growl\1.7.0\package
393 verbose lock C:\Users\Kush\AppData\Roaming\npm-cache\growl\1.7.0\package C:\Users\Kush\AppData\Roaming\npm-cache\c5136475-ng-npm-cache-growl-1-7-0-package.lock
394 verbose tar unpack C:\Users\Kush\AppData\Roaming\npm-cache\dateformat\1.0.6-1.2.3\package.tgz
395 silly lockFile 447743a8-e-dateformat-1-0-6-1-2-3-package tar://C:\Users\Kush\AppData\Roaming\npm-cache\dateformat\1.0.6-1.2.3\package
396 verbose lock tar://C:\Users\Kush\AppData\Roaming\npm-cache\dateformat\1.0.6-1.2.3\package C:\Users\Kush\AppData\Roaming\npm-cache\447743a8-e-dateformat-1-0-6-1-2-3-package.lock
397 silly lockFile aca0ebb2-teformat-1-0-6-1-2-3-package-tgz tar://C:\Users\Kush\AppData\Roaming\npm-cache\dateformat\1.0.6-1.2.3\package.tgz
398 verbose lock tar://C:\Users\Kush\AppData\Roaming\npm-cache\dateformat\1.0.6-1.2.3\package.tgz C:\Users\Kush\AppData\Roaming\npm-cache\aca0ebb2-teformat-1-0-6-1-2-3-package-tgz.lock
399 silly lockFile c5136475-ng-npm-cache-growl-1-7-0-package C:\Users\Kush\AppData\Roaming\npm-cache\growl\1.7.0\package
400 silly lockFile c5136475-ng-npm-cache-growl-1-7-0-package C:\Users\Kush\AppData\Roaming\npm-cache\growl\1.7.0\package
401 verbose tar unpack C:\Users\Kush\AppData\Roaming\npm-cache\growl\1.7.0\package.tgz
402 silly lockFile b017b126-ng-npm-cache-growl-1-7-0-package tar://C:\Users\Kush\AppData\Roaming\npm-cache\growl\1.7.0\package
403 verbose lock tar://C:\Users\Kush\AppData\Roaming\npm-cache\growl\1.7.0\package C:\Users\Kush\AppData\Roaming\npm-cache\b017b126-ng-npm-cache-growl-1-7-0-package.lock
404 silly lockFile 89bdedc7-pm-cache-growl-1-7-0-package-tgz tar://C:\Users\Kush\AppData\Roaming\npm-cache\growl\1.7.0\package.tgz
405 verbose lock tar://C:\Users\Kush\AppData\Roaming\npm-cache\growl\1.7.0\package.tgz C:\Users\Kush\AppData\Roaming\npm-cache\89bdedc7-pm-cache-growl-1-7-0-package-tgz.lock
406 silly gunzTarPerm modes [ '755', '644' ]
407 silly gunzTarPerm extractEntry package.json
408 silly gunzTarPerm modified mode [ 'package.json', 438, 420 ]
409 silly gunzTarPerm extractEntry lib/dateformat.js
410 silly gunzTarPerm modified mode [ 'lib/dateformat.js', 438, 420 ]
411 silly gunzTarPerm extractEntry Readme.md
412 silly gunzTarPerm modified mode [ 'Readme.md', 438, 420 ]
413 silly gunzTarPerm modes [ '755', '644' ]
414 silly gunzTarPerm extractEntry package.json
415 silly gunzTarPerm modified mode [ 'package.json', 438, 420 ]
416 silly gunzTarPerm extractEntry test/basic.js
417 silly gunzTarPerm modified mode [ 'test/basic.js', 438, 420 ]
418 silly gunzTarPerm extractEntry test/test_dayofweek.js
419 silly gunzTarPerm modified mode [ 'test/test_dayofweek.js', 438, 420 ]
420 silly gunzTarPerm extractEntry test.js
421 silly gunzTarPerm modified mode [ 'test.js', 438, 420 ]
422 silly gunzTarPerm extractEntry History.md
423 silly gunzTarPerm modified mode [ 'History.md', 438, 420 ]
424 silly gunzTarPerm extractEntry lib/growl.js
425 silly gunzTarPerm modified mode [ 'lib/growl.js', 438, 420 ]
426 silly gunzTarPerm extractEntry Readme.md
427 silly gunzTarPerm modified mode [ 'Readme.md', 438, 420 ]
428 silly gunzTarPerm extractEntry test/test_weekofyear.js
429 silly gunzTarPerm modified mode [ 'test/test_weekofyear.js', 438, 420 ]
430 silly gunzTarPerm extractEntry test/test_weekofyear.sh
431 silly gunzTarPerm modified mode [ 'test/test_weekofyear.sh', 438, 420 ]
432 silly lockFile b017b126-ng-npm-cache-growl-1-7-0-package tar://C:\Users\Kush\AppData\Roaming\npm-cache\growl\1.7.0\package
433 silly lockFile b017b126-ng-npm-cache-growl-1-7-0-package tar://C:\Users\Kush\AppData\Roaming\npm-cache\growl\1.7.0\package
434 silly lockFile 89bdedc7-pm-cache-growl-1-7-0-package-tgz tar://C:\Users\Kush\AppData\Roaming\npm-cache\growl\1.7.0\package.tgz
435 silly lockFile 89bdedc7-pm-cache-growl-1-7-0-package-tgz tar://C:\Users\Kush\AppData\Roaming\npm-cache\growl\1.7.0\package.tgz
436 verbose chmod C:\Users\Kush\AppData\Roaming\npm-cache\growl\1.7.0\package.tgz 644
437 silly chown skipping for windows C:\Users\Kush\AppData\Roaming\npm-cache\growl\1.7.0\package.tgz
438 silly lockFile fc04c9b9--npmjs-org-growl-growl-1-7-0-tgz https://registry.npmjs.org/growl/-/growl-1.7.0.tgz
439 silly lockFile fc04c9b9--npmjs-org-growl-growl-1-7-0-tgz https://registry.npmjs.org/growl/-/growl-1.7.0.tgz
440 silly lockFile 2e65a17a-growl-1-7-0 growl@1.7.0
441 silly lockFile 2e65a17a-growl-1-7-0 growl@1.7.0
442 silly lockFile 4821b59b-growl-1-7-0 growl@~1.7.0
443 silly lockFile 4821b59b-growl-1-7-0 growl@~1.7.0
444 silly lockFile 447743a8-e-dateformat-1-0-6-1-2-3-package tar://C:\Users\Kush\AppData\Roaming\npm-cache\dateformat\1.0.6-1.2.3\package
445 silly lockFile 447743a8-e-dateformat-1-0-6-1-2-3-package tar://C:\Users\Kush\AppData\Roaming\npm-cache\dateformat\1.0.6-1.2.3\package
446 silly lockFile aca0ebb2-teformat-1-0-6-1-2-3-package-tgz tar://C:\Users\Kush\AppData\Roaming\npm-cache\dateformat\1.0.6-1.2.3\package.tgz
447 silly lockFile aca0ebb2-teformat-1-0-6-1-2-3-package-tgz tar://C:\Users\Kush\AppData\Roaming\npm-cache\dateformat\1.0.6-1.2.3\package.tgz
448 verbose chmod C:\Users\Kush\AppData\Roaming\npm-cache\dateformat\1.0.6-1.2.3\package.tgz 644
449 silly chown skipping for windows C:\Users\Kush\AppData\Roaming\npm-cache\dateformat\1.0.6-1.2.3\package.tgz
450 silly lockFile 98600888-ormat-dateformat-1-0-6-1-2-3-tgz https://registry.npmjs.org/dateformat/-/dateformat-1.0.6-1.2.3.tgz
451 silly lockFile 98600888-ormat-dateformat-1-0-6-1-2-3-tgz https://registry.npmjs.org/dateformat/-/dateformat-1.0.6-1.2.3.tgz
452 silly lockFile 0128c02f-dateformat-1-0-6-1-2-3 dateformat@1.0.6-1.2.3
453 silly lockFile 0128c02f-dateformat-1-0-6-1-2-3 dateformat@1.0.6-1.2.3
454 silly lockFile fa876287-dateformat-1-0-4-1-2-3 dateformat@~1.0.4-1.2.3
455 silly lockFile fa876287-dateformat-1-0-4-1-2-3 dateformat@~1.0.4-1.2.3
456 silly resolved [ { name: 'chokidar',
456 silly resolved     description: 'A neat wrapper around node.js fs.watch / fs.watchFile.',
456 silly resolved     version: '0.6.3',
456 silly resolved     keywords: [ 'fs', 'watch', 'watchFile', 'watcher', 'file' ],
456 silly resolved     homepage: 'https://github.com/paulmillr/chokidar',
456 silly resolved     author: { name: 'Paul Miller', url: 'http://paulmillr.com' },
456 silly resolved     repository:
456 silly resolved      { type: 'git',
456 silly resolved        url: 'https://github.com/paulmillr/chokidar.git' },
456 silly resolved     bugs: { url: 'http://github.com/paulmillr/chokidar/issues' },
456 silly resolved     licenses: [ [Object] ],
456 silly resolved     main: './lib/index',
456 silly resolved     scripts:
456 silly resolved      { prepublish: 'node setup.js prepublish',
456 silly resolved        postpublish: 'node setup.js postpublish',
456 silly resolved        test: 'node setup.js test' },
456 silly resolved     dependencies: {},
456 silly resolved     devDependencies:
456 silly resolved      { mocha: '~1.7.3',
456 silly resolved        chai: '~1.4.0',
456 silly resolved        sinon: '~1.5.2',
456 silly resolved        'sinon-chai': '2.2.0',
456 silly resolved        'coffee-script': '~1.6.0' },
456 silly resolved     readme: '# Chokidar\nA neat wrapper around node.js fs.watch / fs.watchFile.\n\n## Why?\nNode.js `fs.watch`:\n\n* Doesn\'t report filenames on mac.\n* Doesn\'t report events at all when using editors like TextMate2 on mac.\n* Sometimes report events twice.\n* Has only one non-useful event: `rename`.\n* Has [a lot of other issues](https://github.com/joyent/node/search?q=fs.watch&type=Issues)\n\nNode.js `fs.watchFile`:\n\n* Almost as shitty in event tracking.\n\nChokidar resolves this problems.\n\nIt is used in\n[brunch](http://brunch.io),\n[socketstream](http://www.socketstream.org),\nand [karma](http://karma-runner.github.io)\nand had proven itself in production env.\n\n## Getting started\nInstall chokidar via node.js package manager:\n\n    npm install chokidar\n\nThen just require the package in your code:\n\n```javascript\nvar chokidar = require(\'chokidar\');\n\nvar watcher = chokidar.watch(\'file or dir\', {ignored: /^\\./, persistent: true});\n\nwatcher\n  .on(\'add\', function(path) {console.log(\'File\', path, \'has been added\');})\n  .on(\'change\', function(path) {console.log(\'File\', path, \'has been changed\');})\n  .on(\'unlink\', function(path) {console.log(\'File\', path, \'has been removed\');})\n  .on(\'error\', function(error) {console.error(\'Error happened\', error);})\n\n// \'add\' and \'change\' events also receive stat() results as second argument.\n// http://nodejs.org/api/fs.html#fs_class_fs_stats\nwatcher.on(\'change\', function(path, stats) {\n  console.log(\'File\', path, \'changed size to\', stats.size);\n});\n\nwatcher.add(\'new-file\');\nwatcher.add([\'new-file-2\', \'new-file-3\']);\n\n// Only needed if watching is persistent.\nwatcher.close();\n```\n\n## API\n* `chokidar.watch(paths, options)`: takes paths to be watched and options:\n    * `options.ignored` (regexp or function) files to be ignored.\n      This function or regexp is tested against the **whole path**,\n      not just filename. Example:\n    `chokidar.watch(\'file\', {ignored: /^\\./})`.\n    * `options.persistent` (default: `false`). Indicates whether the process\n    should continue to run as long as files are being watched.\n    * `options.ignorePermissionErrors` (default: `false`). Indicates\n      whether to watch files that don\'t have read permissions or not.\n    * `options.ignoreInitial` (default: `false`). Indicates whether chokidar\n    should ignore initial `add` events or not.\n    * `options.interval` (default: `100`). Interval of file system polling.\n    * `options.binaryInterval` (default: `300`). Interval of file system \n    polling for binary files (see extensions in src/is-binary).\n    * `options.usePolling` (default: `true`). Whether to use fs.watchFile \n    (backed by polling), or fs.watch. If polling leads to high CPU utilization, \n    consider setting this to `false`.\n\n`chokidar.watch()` produces an instance of `FSWatcher`. Methods of `FSWatcher`:\n\n* `.add(file / files)`: add directories / files for tracking.\nTakes an array of strings (file paths) or just one path.\n* `.on(event, callback)`: listen for an FS event.\nAvailable events: `add`, `change`, `unlink`, `error`.\nAlso, `all` is available which emitted for every `add`, `change` and `unlink`.\n* `.close()`: remove all listeners from watched files.\n\n## License\nThe MIT license.\n\nCopyright (c) 2013 Paul Miller (http://paulmillr.com)\n\nPermission is hereby granted, free of charge, to any person obtaining a copy of\nthis software and associated documentation files (the "Software"), to deal in\nthe Software without restriction, including without limitation the rights to\nuse, copy, modify, merge, publish, distribute, sublicense, and/or sell copies\nof the Software, and to permit persons to whom the Software is furnished to do\nso, subject to the following conditions:\n\nThe above copyright notice and this permission notice shall be included in all\ncopies or substantial portions of the Software.\n\nTHE SOFTWARE IS PROVIDED "AS IS", WITHOUT WARRANTY OF ANY KIND, EXPRESS OR\nIMPLIED, INCLUDING BUT NOT LIMITED TO THE WARRANTIES OF MERCHANTABILITY,\nFITNESS FOR A PARTICULAR PURPOSE AND NONINFRINGEMENT. IN NO EVENT SHALL THE\nAUTHORS OR COPYRIGHT HOLDERS BE LIABLE FOR ANY CLAIM, DAMAGES OR OTHER\nLIABILITY, WHETHER IN AN ACTION OF CONTRACT, TORT OR OTHERWISE, ARISING FROM,\nOUT OF OR IN CONNECTION WITH THE SOFTWARE OR THE USE OR OTHER DEALINGS IN THE\nSOFTWARE.\n',
456 silly resolved     readmeFilename: 'README.md',
456 silly resolved     _id: 'chokidar@0.6.3',
456 silly resolved     _from: 'chokidar@~0.6.2' },
456 silly resolved   { name: 'growl',
456 silly resolved     version: '1.7.0',
456 silly resolved     description: 'Growl unobtrusive notifications',
456 silly resolved     author: { name: 'TJ Holowaychuk', email: 'tj@vision-media.ca' },
456 silly resolved     main: './lib/growl.js',
456 silly resolved     readme: '# Growl for nodejs\n\nGrowl support for Nodejs. This is essentially a port of my [Ruby Growl Library](http://github.com/visionmedia/growl). Ubuntu/Linux support added thanks to [@niftylettuce](http://github.com/niftylettuce). \n\n## Installation\n\n### Install \n\n### Mac OS X (Darwin):\n\n  Install [growlnotify(1)](http://growl.info/extras.php#growlnotify). On OS X 10.8, Notification Center is supported using [terminal-notifier](https://github.com/alloy/terminal-notifier). To install:\n  \n      $ sudo gem install terminal-notifier\n      \n  Install [npm](http://npmjs.org/) and run:\n  \n      $ npm install growl\n\n### Ubuntu (Linux):\n\n  Install `notify-send` through the [libnotify-bin](http://packages.ubuntu.com/libnotify-bin) package:\n\n      $ sudo apt-get install libnotify-bin\n\n  Install [npm](http://npmjs.org/) and run:\n  \n      $ npm install growl\n\n### Windows:\n\n  Download and install [Growl for Windows](http://www.growlforwindows.com/gfw/default.aspx)\n\n  Download [growlnotify](http://www.growlforwindows.com/gfw/help/growlnotify.aspx) - **IMPORTANT :** Unpack growlnotify to a folder that is present in your path!\n\n  Install [npm](http://npmjs.org/) and run:\n  \n      $ npm install growl\n\n## Examples\n\nCallback functions are optional\n\n    var growl = require(\'growl\')\n    growl(\'You have mail!\')\n    growl(\'5 new messages\', { sticky: true })\n    growl(\'5 new emails\', { title: \'Email Client\', image: \'Safari\', sticky: true })\n    growl(\'Message with title\', { title: \'Title\'})\n    growl(\'Set priority\', { priority: 2 })\n    growl(\'Show Safari icon\', { image: \'Safari\' })\n    growl(\'Show icon\', { image: \'path/to/icon.icns\' })\n    growl(\'Show image\', { image: \'path/to/my.image.png\' })\n    growl(\'Show png filesystem icon\', { image: \'png\' })\n    growl(\'Show pdf filesystem icon\', { image: \'article.pdf\' })\n    growl(\'Show pdf filesystem icon\', { image: \'article.pdf\' }, function(err){\n      // ... notified\n    })\n\n## Options\n\n  - title\n    - notification title\n  - name\n    - application name\n  - priority\n    - priority for the notification (default is 0)\n  - sticky\n    - weither or not the notification should remainin until closed\n  - image\n    - Auto-detects the context:\n      - path to an icon sets --iconpath\n      - path to an image sets --image\n      - capitalized word sets --appIcon\n      - filename uses extname as --icon\n      - otherwise treated as --icon\n      \n## License \n\n(The MIT License)\n\nCopyright (c) 2009 TJ Holowaychuk <tj@vision-media.ca>\n\nPermission is hereby granted, free of charge, to any person obtaining\na copy of this software and associated documentation files (the\n\'Software\'), to deal in the Software without restriction, including\nwithout limitation the rights to use, copy, modify, merge, publish,\ndistribute, sublicense, and/or sell copies of the Software, and to\npermit persons to whom the Software is furnished to do so, subject to\nthe following conditions:\n\nThe above copyright notice and this permission notice shall be\nincluded in all copies or substantial portions of the Software.\n\nTHE SOFTWARE IS PROVIDED \'AS IS\', WITHOUT WARRANTY OF ANY KIND,\nEXPRESS OR IMPLIED, INCLUDING BUT NOT LIMITED TO THE WARRANTIES OF\nMERCHANTABILITY, FITNESS FOR A PARTICULAR PURPOSE AND NONINFRINGEMENT.\nIN NO EVENT SHALL THE AUTHORS OR COPYRIGHT HOLDERS BE LIABLE FOR ANY\nCLAIM, DAMAGES OR OTHER LIABILITY, WHETHER IN AN ACTION OF CONTRACT,\nTORT OR OTHERWISE, ARISING FROM, OUT OF OR IN CONNECTION WITH THE\nSOFTWARE OR THE USE OR OTHER DEALINGS IN THE SOFTWARE.\n',
456 silly resolved     readmeFilename: 'Readme.md',
456 silly resolved     _id: 'growl@1.7.0',
456 silly resolved     dist: { shasum: 'edf460ae852dd5f5069d5253a34658547b0fb0a9' },
456 silly resolved     _from: 'growl@~1.7.0',
456 silly resolved     _resolved: 'https://registry.npmjs.org/growl/-/growl-1.7.0.tgz' },
456 silly resolved   { name: 'dateformat',
456 silly resolved     description: 'A node.js package for Steven Levithan\'s excellent dateFormat() function.',
456 silly resolved     maintainers: 'Felix Geisendörfer <felix@debuggable.com>',
456 silly resolved     homepage: 'https://github.com/felixge/node-dateformat',
456 silly resolved     author: { name: 'Steven Levithan' },
456 silly resolved     contributors: [ [Object], [Object], [Object] ],
456 silly resolved     version: '1.0.6-1.2.3',
456 silly resolved     main: './lib/dateformat',
456 silly resolved     dependencies: {},
456 silly resolved     devDependencies: {},
456 silly resolved     engines: { node: '*' },
456 silly resolved     readme: '# dateformat\n\nA node.js package for Steven Levithan\'s excellent [dateFormat()][dateformat] function.\n\n## Modifications\n\n* Removed the `Date.prototype.format` method. Sorry folks, but extending native prototypes is for suckers.\n* Added a `module.exports = dateFormat;` statement at the bottom\n* Added the placeholder `N` to get the ISO 8601 numeric representation of the day of the week\n\n## Usage\n\nAs taken from Steven\'s post, modified to match the Modifications listed above:\n\n    var dateFormat = require(\'dateformat\');\n    var now = new Date();\n\n    // Basic usage\n    dateFormat(now, "dddd, mmmm dS, yyyy, h:MM:ss TT");\n    // Saturday, June 9th, 2007, 5:46:21 PM\n\n    // You can use one of several named masks\n    dateFormat(now, "isoDateTime");\n    // 2007-06-09T17:46:21\n\n    // ...Or add your own\n    dateFormat.masks.hammerTime = \'HH:MM! "Can\\\'t touch this!"\';\n    dateFormat(now, "hammerTime");\n    // 17:46! Can\'t touch this!\n\n    // When using the standalone dateFormat function,\n    // you can also provide the date as a string\n    dateFormat("Jun 9 2007", "fullDate");\n    // Saturday, June 9, 2007\n\n    // Note that if you don\'t include the mask argument,\n    // dateFormat.masks.default is used\n    dateFormat(now);\n    // Sat Jun 09 2007 17:46:21\n\n    // And if you don\'t include the date argument,\n    // the current date and time is used\n    dateFormat();\n    // Sat Jun 09 2007 17:46:22\n\n    // You can also skip the date argument (as long as your mask doesn\'t\n    // contain any numbers), in which case the current date/time is used\n    dateFormat("longTime");\n    // 5:46:22 PM EST\n\n    // And finally, you can convert local time to UTC time. Simply pass in\n    // true as an additional argument (no argument skipping allowed in this case):\n    dateFormat(now, "longTime", true);\n    // 10:46:21 PM UTC\n\n    // ...Or add the prefix "UTC:" to your mask.\n    dateFormat(now, "UTC:h:MM:ss TT Z");\n    // 10:46:21 PM UTC\n\n    // You can also get the ISO 8601 week of the year:\n    dateFormat(now, "W");\n    // 42\n\n    // and also get the ISO 8601 numeric representation of the day of the week:\n    dateFormat(now,"N");\n    // 6\n\n## License\n\n(c) 2007-2009 Steven Levithan [stevenlevithan.com][stevenlevithan], MIT license.\n\n[dateformat]: http://blog.stevenlevithan.com/archives/date-time-format\n[stevenlevithan]: http://stevenlevithan.com/\n',
456 silly resolved     readmeFilename: 'Readme.md',
456 silly resolved     _id: 'dateformat@1.0.6-1.2.3',
456 silly resolved     dist: { shasum: 'fb30d29ee76dc54d2c3902138c53fdfebfc12f37' },
456 silly resolved     _from: 'dateformat@~1.0.4-1.2.3',
456 silly resolved     _resolved: 'https://registry.npmjs.org/dateformat/-/dateformat-1.0.6-1.2.3.tgz' } ]
457 info install chokidar@0.6.3 into C:\Users\Kush\AppData\Roaming\npm\node_modules\node-dev
458 info install growl@1.7.0 into C:\Users\Kush\AppData\Roaming\npm\node_modules\node-dev
459 info install dateformat@1.0.6-1.2.3 into C:\Users\Kush\AppData\Roaming\npm\node_modules\node-dev
460 info installOne chokidar@0.6.3
461 info installOne growl@1.7.0
462 info installOne dateformat@1.0.6-1.2.3
463 info C:\Users\Kush\AppData\Roaming\npm\node_modules\node-dev\node_modules\chokidar unbuild
464 info C:\Users\Kush\AppData\Roaming\npm\node_modules\node-dev\node_modules\growl unbuild
465 info C:\Users\Kush\AppData\Roaming\npm\node_modules\node-dev\node_modules\dateformat unbuild
466 verbose tar unpack C:\Users\Kush\AppData\Roaming\npm-cache\chokidar\0.6.3\package.tgz
467 silly lockFile 586b4e28-s-node-dev-node-modules-chokidar tar://C:\Users\Kush\AppData\Roaming\npm\node_modules\node-dev\node_modules\chokidar
468 verbose lock tar://C:\Users\Kush\AppData\Roaming\npm\node_modules\node-dev\node_modules\chokidar C:\Users\Kush\AppData\Roaming\npm-cache\586b4e28-s-node-dev-node-modules-chokidar.lock
469 silly lockFile 4f377c40-cache-chokidar-0-6-3-package-tgz tar://C:\Users\Kush\AppData\Roaming\npm-cache\chokidar\0.6.3\package.tgz
470 verbose lock tar://C:\Users\Kush\AppData\Roaming\npm-cache\chokidar\0.6.3\package.tgz C:\Users\Kush\AppData\Roaming\npm-cache\4f377c40-cache-chokidar-0-6-3-package-tgz.lock
471 verbose tar unpack C:\Users\Kush\AppData\Roaming\npm-cache\growl\1.7.0\package.tgz
472 silly lockFile 589b9430-ules-node-dev-node-modules-growl tar://C:\Users\Kush\AppData\Roaming\npm\node_modules\node-dev\node_modules\growl
473 verbose lock tar://C:\Users\Kush\AppData\Roaming\npm\node_modules\node-dev\node_modules\growl C:\Users\Kush\AppData\Roaming\npm-cache\589b9430-ules-node-dev-node-modules-growl.lock
474 silly lockFile 89bdedc7-pm-cache-growl-1-7-0-package-tgz tar://C:\Users\Kush\AppData\Roaming\npm-cache\growl\1.7.0\package.tgz
475 verbose lock tar://C:\Users\Kush\AppData\Roaming\npm-cache\growl\1.7.0\package.tgz C:\Users\Kush\AppData\Roaming\npm-cache\89bdedc7-pm-cache-growl-1-7-0-package-tgz.lock
476 verbose tar unpack C:\Users\Kush\AppData\Roaming\npm-cache\dateformat\1.0.6-1.2.3\package.tgz
477 silly lockFile bf3038b4-node-dev-node-modules-dateformat tar://C:\Users\Kush\AppData\Roaming\npm\node_modules\node-dev\node_modules\dateformat
478 verbose lock tar://C:\Users\Kush\AppData\Roaming\npm\node_modules\node-dev\node_modules\dateformat C:\Users\Kush\AppData\Roaming\npm-cache\bf3038b4-node-dev-node-modules-dateformat.lock
479 silly lockFile aca0ebb2-teformat-1-0-6-1-2-3-package-tgz tar://C:\Users\Kush\AppData\Roaming\npm-cache\dateformat\1.0.6-1.2.3\package.tgz
480 verbose lock tar://C:\Users\Kush\AppData\Roaming\npm-cache\dateformat\1.0.6-1.2.3\package.tgz C:\Users\Kush\AppData\Roaming\npm-cache\aca0ebb2-teformat-1-0-6-1-2-3-package-tgz.lock
481 silly gunzTarPerm modes [ '755', '644' ]
482 silly gunzTarPerm extractEntry package.json
483 silly gunzTarPerm modified mode [ 'package.json', 438, 420 ]
484 silly gunzTarPerm modes [ '755', '644' ]
485 silly gunzTarPerm modes [ '755', '644' ]
486 silly gunzTarPerm extractEntry test.js
487 silly gunzTarPerm modified mode [ 'test.js', 438, 420 ]
488 silly gunzTarPerm extractEntry History.md
489 silly gunzTarPerm modified mode [ 'History.md', 438, 420 ]
490 silly gunzTarPerm extractEntry package.json
491 silly gunzTarPerm modified mode [ 'package.json', 438, 420 ]
492 silly gunzTarPerm extractEntry lib/growl.js
493 silly gunzTarPerm modified mode [ 'lib/growl.js', 438, 420 ]
494 silly gunzTarPerm extractEntry Readme.md
495 silly gunzTarPerm modified mode [ 'Readme.md', 438, 420 ]
496 silly gunzTarPerm extractEntry lib/dateformat.js
497 silly gunzTarPerm modified mode [ 'lib/dateformat.js', 438, 420 ]
498 silly gunzTarPerm extractEntry Readme.md
499 silly gunzTarPerm modified mode [ 'Readme.md', 438, 420 ]
500 silly gunzTarPerm extractEntry package.json
501 silly gunzTarPerm modified mode [ 'package.json', 438, 420 ]
502 silly gunzTarPerm extractEntry .npmignore
503 silly gunzTarPerm modified mode [ '.npmignore', 438, 420 ]
504 silly gunzTarPerm extractEntry README.md
505 silly gunzTarPerm modified mode [ 'README.md', 438, 420 ]
506 silly gunzTarPerm extractEntry test/basic.js
507 silly gunzTarPerm modified mode [ 'test/basic.js', 438, 420 ]
508 silly gunzTarPerm extractEntry test/test_dayofweek.js
509 silly gunzTarPerm modified mode [ 'test/test_dayofweek.js', 438, 420 ]
510 silly gunzTarPerm extractEntry test/test_weekofyear.js
511 silly gunzTarPerm modified mode [ 'test/test_weekofyear.js', 438, 420 ]
512 silly gunzTarPerm extractEntry test/test_weekofyear.sh
513 silly gunzTarPerm modified mode [ 'test/test_weekofyear.sh', 438, 420 ]
514 silly gunzTarPerm extractEntry setup.js
515 silly gunzTarPerm modified mode [ 'setup.js', 438, 420 ]
516 silly gunzTarPerm extractEntry CHANGELOG.md
517 silly gunzTarPerm modified mode [ 'CHANGELOG.md', 438, 420 ]
518 silly gunzTarPerm extractEntry lib/index.js
519 silly gunzTarPerm modified mode [ 'lib/index.js', 438, 420 ]
520 silly gunzTarPerm extractEntry lib/is-binary.js
521 silly gunzTarPerm modified mode [ 'lib/is-binary.js', 438, 420 ]
522 silly gunzTarPerm extractEntry src/index.coffee
523 silly gunzTarPerm modified mode [ 'src/index.coffee', 438, 420 ]
524 silly gunzTarPerm extractEntry src/is-binary.coffee
525 silly gunzTarPerm modified mode [ 'src/is-binary.coffee', 438, 420 ]
526 silly gunzTarPerm extractEntry test/common.js
527 silly gunzTarPerm modified mode [ 'test/common.js', 438, 420 ]
528 silly gunzTarPerm extractEntry test/chokidar-test.coffee
529 silly gunzTarPerm modified mode [ 'test/chokidar-test.coffee', 438, 420 ]
530 silly gunzTarPerm extractEntry test/fixtures/binary.mp3
531 silly gunzTarPerm modified mode [ 'test/fixtures/binary.mp3', 438, 420 ]
532 silly gunzTarPerm extractEntry test/fixtures/change.txt
533 silly gunzTarPerm modified mode [ 'test/fixtures/change.txt', 438, 420 ]
534 silly gunzTarPerm extractEntry test/fixtures/unlink.txt
535 silly gunzTarPerm modified mode [ 'test/fixtures/unlink.txt', 438, 420 ]
536 silly lockFile 589b9430-ules-node-dev-node-modules-growl tar://C:\Users\Kush\AppData\Roaming\npm\node_modules\node-dev\node_modules\growl
537 silly lockFile 589b9430-ules-node-dev-node-modules-growl tar://C:\Users\Kush\AppData\Roaming\npm\node_modules\node-dev\node_modules\growl
538 silly lockFile 89bdedc7-pm-cache-growl-1-7-0-package-tgz tar://C:\Users\Kush\AppData\Roaming\npm-cache\growl\1.7.0\package.tgz
539 silly lockFile 89bdedc7-pm-cache-growl-1-7-0-package-tgz tar://C:\Users\Kush\AppData\Roaming\npm-cache\growl\1.7.0\package.tgz
540 info preinstall growl@1.7.0
541 verbose readDependencies using package.json deps
542 verbose readDependencies using package.json deps
543 silly resolved []
544 verbose about to build C:\Users\Kush\AppData\Roaming\npm\node_modules\node-dev\node_modules\growl
545 info build C:\Users\Kush\AppData\Roaming\npm\node_modules\node-dev\node_modules\growl
546 verbose linkStuff [ true,
546 verbose linkStuff   'C:\\Users\\Kush\\AppData\\Roaming\\npm\\node_modules',
546 verbose linkStuff   false,
546 verbose linkStuff   'C:\\Users\\Kush\\AppData\\Roaming\\npm\\node_modules\\node-dev\\node_modules' ]
547 info linkStuff growl@1.7.0
548 verbose linkBins growl@1.7.0
549 verbose linkMans growl@1.7.0
550 verbose rebuildBundles growl@1.7.0
551 info install growl@1.7.0
552 info postinstall growl@1.7.0
553 silly lockFile bf3038b4-node-dev-node-modules-dateformat tar://C:\Users\Kush\AppData\Roaming\npm\node_modules\node-dev\node_modules\dateformat
554 silly lockFile bf3038b4-node-dev-node-modules-dateformat tar://C:\Users\Kush\AppData\Roaming\npm\node_modules\node-dev\node_modules\dateformat
555 silly lockFile aca0ebb2-teformat-1-0-6-1-2-3-package-tgz tar://C:\Users\Kush\AppData\Roaming\npm-cache\dateformat\1.0.6-1.2.3\package.tgz
556 silly lockFile aca0ebb2-teformat-1-0-6-1-2-3-package-tgz tar://C:\Users\Kush\AppData\Roaming\npm-cache\dateformat\1.0.6-1.2.3\package.tgz
557 info preinstall dateformat@1.0.6-1.2.3
558 verbose readDependencies using package.json deps
559 verbose readDependencies using package.json deps
560 silly resolved []
561 verbose about to build C:\Users\Kush\AppData\Roaming\npm\node_modules\node-dev\node_modules\dateformat
562 info build C:\Users\Kush\AppData\Roaming\npm\node_modules\node-dev\node_modules\dateformat
563 verbose linkStuff [ true,
563 verbose linkStuff   'C:\\Users\\Kush\\AppData\\Roaming\\npm\\node_modules',
563 verbose linkStuff   false,
563 verbose linkStuff   'C:\\Users\\Kush\\AppData\\Roaming\\npm\\node_modules\\node-dev\\node_modules' ]
564 info linkStuff dateformat@1.0.6-1.2.3
565 verbose linkBins dateformat@1.0.6-1.2.3
566 verbose linkMans dateformat@1.0.6-1.2.3
567 verbose rebuildBundles dateformat@1.0.6-1.2.3
568 info install dateformat@1.0.6-1.2.3
569 info postinstall dateformat@1.0.6-1.2.3
570 silly lockFile 586b4e28-s-node-dev-node-modules-chokidar tar://C:\Users\Kush\AppData\Roaming\npm\node_modules\node-dev\node_modules\chokidar
571 silly lockFile 586b4e28-s-node-dev-node-modules-chokidar tar://C:\Users\Kush\AppData\Roaming\npm\node_modules\node-dev\node_modules\chokidar
572 silly lockFile 4f377c40-cache-chokidar-0-6-3-package-tgz tar://C:\Users\Kush\AppData\Roaming\npm-cache\chokidar\0.6.3\package.tgz
573 silly lockFile 4f377c40-cache-chokidar-0-6-3-package-tgz tar://C:\Users\Kush\AppData\Roaming\npm-cache\chokidar\0.6.3\package.tgz
574 info preinstall chokidar@0.6.3
575 verbose readDependencies using package.json deps
576 verbose readDependencies using package.json deps
577 silly resolved []
578 verbose about to build C:\Users\Kush\AppData\Roaming\npm\node_modules\node-dev\node_modules\chokidar
579 info build C:\Users\Kush\AppData\Roaming\npm\node_modules\node-dev\node_modules\chokidar
580 verbose linkStuff [ true,
580 verbose linkStuff   'C:\\Users\\Kush\\AppData\\Roaming\\npm\\node_modules',
580 verbose linkStuff   false,
580 verbose linkStuff   'C:\\Users\\Kush\\AppData\\Roaming\\npm\\node_modules\\node-dev\\node_modules' ]
581 info linkStuff chokidar@0.6.3
582 verbose linkBins chokidar@0.6.3
583 verbose linkMans chokidar@0.6.3
584 verbose rebuildBundles chokidar@0.6.3
585 info install chokidar@0.6.3
586 info postinstall chokidar@0.6.3
587 verbose about to build C:\Users\Kush\AppData\Roaming\npm\node_modules\node-dev
588 info build C:\Users\Kush\AppData\Roaming\npm\node_modules\node-dev
589 verbose linkStuff [ true,
589 verbose linkStuff   'C:\\Users\\Kush\\AppData\\Roaming\\npm\\node_modules',
589 verbose linkStuff   true,
589 verbose linkStuff   'C:\\Users\\Kush\\AppData\\Roaming\\npm\\node_modules' ]
590 info linkStuff node-dev@2.0.2
591 verbose linkBins node-dev@2.0.2
592 verbose link bins [ { 'node-dev': './bin/node-dev' },
592 verbose link bins   'C:\\Users\\Kush\\AppData\\Roaming\\npm',
592 verbose link bins   true ]
593 verbose linkMans node-dev@2.0.2
594 verbose rebuildBundles node-dev@2.0.2
595 verbose rebuildBundles [ 'chokidar', 'dateformat', 'growl' ]
596 info install node-dev@2.0.2
597 info postinstall node-dev@2.0.2
598 error peerinvalid The package karma does not satisfy its siblings' peerDependencies requirements!
598 error peerinvalid Peer karma-chrome-launcher@0.1.0 wants karma@>=0.9.3
598 error peerinvalid Peer karma-coffee-preprocessor@0.1.0 wants karma@>=0.9
598 error peerinvalid Peer karma-firefox-launcher@0.1.0 wants karma@>=0.9
598 error peerinvalid Peer karma-html2js-preprocessor@0.1.0 wants karma@>=0.9
598 error peerinvalid Peer karma-jasmine@0.1.0 wants karma@>=0.9
598 error peerinvalid Peer karma-phantomjs-launcher@0.1.0 wants karma@>=0.9
598 error peerinvalid Peer karma-requirejs@0.1.0 wants karma@>=0.9
598 error peerinvalid Peer karma-script-launcher@0.1.0 wants karma@>=0.9
599 error System Windows_NT 6.1.7601
600 error command "C:\\Program Files\\nodejs\\node.exe" "C:\\Program Files\\nodejs\\node_modules\\npm\\bin\\npm-cli.js" "install" "node-dev" "-g"
601 error cwd C:\Users\Kush\Documents\Programming\GitHub\javascript\samples-javascript\nodejs\ch2_running-node-scripts
602 error node -v v0.10.15
603 error npm -v 1.3.5
604 error code EPEERINVALID
605 verbose exit [ 1, true ]
